[+] Containers:
 |- [+] Container: /Game/ThirdPerson/Maps/ThirdPersonMap
 |   |- [+] ActorDescs:
 |   |   |- Guid:0242E71749886F8DBBF03C8897D36200 BaseClass:/Game/Camera/Crane/Crane.Crane_C NativeClass:/Script/Engine.Actor Name:Crane_C_UAID_7C575860315C909D01_2059264299 Label:Crane SpatiallyLoaded:1 Bounds:IsValid=true, Min=(X=354.673 Y=1105.602 Z=-0.074), Max=(X=1269.481 Y=1344.749 Z=690.391) RuntimeGrid:None EditorOnly:0 RuntimeOnly:0 HLODRelevant:0
 |   |   |- Guid:176C4E034B398F514522B19C72ED83DE BaseClass: NativeClass:/Script/Engine.StaticMeshActor Name:StaticMeshActor_UAID_7C575860315C7C9E01_1196964833 Label:Carpet SpatiallyLoaded:1 Bounds:IsValid=true, Min=(X=2162.472 Y=2458.205 Z=11.260), Max=(X=2372.204 Y=2632.249 Z=11.260) RuntimeGrid:None EditorOnly:0 RuntimeOnly:0 HLODRelevant:1
 |   |   |- Guid:18D60E5A4D42A49AF040A882897C9E80 BaseClass: NativeClass:/Script/Engine.StaticMeshActor Name:StaticMeshActor_UAID_04421AEF050F339E01_1437052983 Label:Viewfinder SpatiallyLoaded:1 Bounds:IsValid=true, Min=(X=632.906 Y=1515.803 Z=104.729), Max=(X=723.732 Y=1532.704 Z=155.167) RuntimeGrid:None EditorOnly:0 RuntimeOnly:0 HLODRelevant:1
 |   |   |- Guid:1CE0A1B5401372A1D1EB749AEEE0F1FF BaseClass: NativeClass:/Script/Engine.StaticMeshActor Name:StaticMeshActor_UAID_7C575860315C799E01_1299337303 Label:3_shelves SpatiallyLoaded:1 Bounds:IsValid=true, Min=(X=2097.738 Y=2976.155 Z=66.651), Max=(X=2173.688 Y=3017.284 Z=157.473) RuntimeGrid:None EditorOnly:0 RuntimeOnly:0 HLODRelevant:1
 |   |   |- Guid:20F51B21494AE7D2AB9CCABAF8F12063 BaseClass: NativeClass:/Script/Engine.StaticMeshActor Name:StaticMeshActor_UAID_04421AEF050FA29E01_1947433527 Label:GridFloor3 SpatiallyLoaded:1 Bounds:IsValid=true, Min=(X=999.210 Y=2301.655 Z=-0.000), Max=(X=1099.210 Y=2401.655 Z=3.000) RuntimeGrid:None EditorOnly:0 RuntimeOnly:0 HLODRelevant:1
 |   |   |- Guid:23F94A274320762EE74F8FB6DB0B2972 BaseClass: NativeClass:/Script/Engine.StaticMeshActor Name:StaticMeshActor_UAID_04421AEF050F9B9E01_1918394288 Label:GridFloor SpatiallyLoaded:1 Bounds:IsValid=true, Min=(X=1115.029 Y=2359.728 Z=0.000), Max=(X=1115.029 Y=2359.728 Z=0.000) RuntimeGrid:None EditorOnly:0 RuntimeOnly:0 HLODRelevant:0
 |   |   |- Guid:2DC0EFF24E042B359B45A38614138841 BaseClass:/Game/Camera/Tripod/Tripod.Tripod_C NativeClass:/Script/Engine.Actor Name:Tripod_C_UAID_7C575860315C929D01_1544998678 Label:Tripod SpatiallyLoaded:1 Bounds:IsValid=true, Min=(X=971.627 Y=1219.665 Z=0.164), Max=(X=1045.364 Y=1303.845 Z=149.626) RuntimeGrid:None EditorOnly:0 RuntimeOnly:0 HLODRelevant:0
 |   |   |- Guid:2F7AF9114B36E2619E9639952E9FA81B BaseClass: NativeClass:/Script/Engine.StaticMeshActor Name:Sphere_001_UAID_7C575860315CC69D01_1753317820 Label:Sphere_001_0 SpatiallyLoaded:1 Bounds:IsValid=true, Min=(X=1293.363 Y=1676.722 Z=299.860), Max=(X=1293.363 Y=1676.722 Z=299.860) RuntimeGrid:None EditorOnly:0 RuntimeOnly:0 HLODRelevant:0
 |   |   |- Guid:2FB58999456391D349DC0F86DAC136ED BaseClass: NativeClass:/Script/Engine.SkyLight Name:SkyLight_1 Label:SkyLight SpatiallyLoaded:0 Bounds:IsValid=true, Min=(X=0.000 Y=0.000 Z=690.000), Max=(X=0.000 Y=0.000 Z=690.000) RuntimeGrid:None EditorOnly:0 RuntimeOnly:0 HLODRelevant:0 FolderPath:Lighting FolderGuid:963EC3EB4002CCE9759E2EBA541A873A
 |   |   |- Guid:316CF2A6494ACA4C0E4180A87D36AB8F BaseClass: NativeClass:/Script/Engine.ExponentialHeightFog Name:ExponentialHeightFog_0 Label:ExponentialHeightFog SpatiallyLoaded:0 Bounds:IsValid=true, Min=(X=-5600.000 Y=-50.000 Z=-6850.000), Max=(X=-5600.000 Y=-50.000 Z=-6850.000) RuntimeGrid:None EditorOnly:0 RuntimeOnly:0 HLODRelevant:0 FolderPath:Lighting FolderGuid:963EC3EB4002CCE9759E2EBA541A873A
 |   |   |- Guid:3A00AA1C422CE54C0BDB60BAF471BFBB BaseClass: NativeClass:/Script/Engine.PlayerStart Name:PlayerStart_0 Label:PlayerStart SpatiallyLoaded:0 Bounds:IsValid=true, Min=(X=860.000 Y=1070.000 Z=27.304), Max=(X=940.000 Y=1150.000 Z=211.304) RuntimeGrid:None EditorOnly:0 RuntimeOnly:0 HLODRelevant:0
 |   |   |- Guid:43815E84492231AFC407F59E3C28176B BaseClass: NativeClass:/Script/Engine.StaticMeshActor Name:StaticMeshActor_4 Label:SM_Cube6 SpatiallyLoaded:1 Bounds:IsValid=true, Min=(X=2900.000 Y=100.000 Z=0.000), Max=(X=3000.000 Y=3400.000 Z=400.000) RuntimeGrid:None EditorOnly:0 RuntimeOnly:0 HLODRelevant:1 FolderPath:Playground FolderGuid:C73F09FC4215536B1DCE2A9E0A830C70
 |   |   |- Guid:44435CD14CB3EBB83FC98FA5F97AF7CF BaseClass: NativeClass:/Script/Engine.StaticMeshActor Name:StaticMeshActor_UAID_04421AEF050FA29E01_2018701528 Label:GridFloor4 SpatiallyLoaded:1 Bounds:IsValid=true, Min=(X=932.999 Y=2469.117 Z=0.000), Max=(X=1032.999 Y=2569.117 Z=3.000) RuntimeGrid:None EditorOnly:0 RuntimeOnly:0 HLODRelevant:1
 |   |   |- Guid:4D3BE93F4146AAAC8BBE79999D96D57F BaseClass: NativeClass:/Script/Engine.VolumetricCloud Name:VolumetricCloud_0 Label:VolumetricCloud SpatiallyLoaded:0 Bounds:IsValid=true, Min=(X=0.000 Y=0.000 Z=820.000), Max=(X=0.000 Y=0.000 Z=820.000) RuntimeGrid:None EditorOnly:0 RuntimeOnly:0 HLODRelevant:0 FolderPath:Lighting FolderGuid:963EC3EB4002CCE9759E2EBA541A873A
 |   |   |- Guid:5B1757DE4DFA490F0B4FF5881E907F7C BaseClass: NativeClass:/Script/Engine.StaticMeshActor Name:StaticMeshActor_UAID_7C575860315C7E9E01_1618428186 Label:Garage_door SpatiallyLoaded:1 Bounds:IsValid=true, Min=(X=2087.011 Y=2767.549 Z=-121.365), Max=(X=2642.092 Y=2768.549 Z=121.365) RuntimeGrid:None EditorOnly:0 RuntimeOnly:0 HLODRelevant:1
 |   |   |- Guid:6BAF4DDD444C60371492D3919DB42C97 BaseClass: NativeClass:/Script/Engine.WorldDataLayers Name:WorldDataLayers Label:WorldDataLayers SpatiallyLoaded:0 Bounds:IsValid=true, Min=(X=0.000 Y=0.000 Z=0.000), Max=(X=0.000 Y=0.000 Z=0.000) RuntimeGrid:None EditorOnly:0 RuntimeOnly:0 HLODRelevant:0
 |   |   |- Guid:6F47AB03456485E4E80CB0890DB27000 BaseClass: NativeClass:/Script/Engine.StaticMeshActor Name:StaticMeshActor_UAID_7C575860315C909D01_1859768297 Label:ACamera SpatiallyLoaded:1 Bounds:IsValid=true, Min=(X=956.870 Y=1205.410 Z=79.334), Max=(X=991.832 Y=1237.246 Z=105.618) RuntimeGrid:None EditorOnly:0 RuntimeOnly:0 HLODRelevant:1
 |   |   |- Guid:720B08574895F3B858272FB679FA34E4 BaseClass: NativeClass:/Script/Engine.StaticMeshActor Name:StaticMeshActor_UAID_7C575860315C7F9E01_1487119363 Label:Opened_locker SpatiallyLoaded:1 Bounds:IsValid=true, Min=(X=1739.656 Y=2392.092 Z=-8.425), Max=(X=1824.103 Y=2530.495 Z=179.910) RuntimeGrid:None EditorOnly:0 RuntimeOnly:0 HLODRelevant:1
 |   |   |- Guid:85EF4E2C4222FF9DAB64F6A274D6F89B BaseClass: NativeClass:/Script/Engine.StaticMeshActor Name:StaticMeshActor_UAID_7C575860315C819E01_1550525712 Label:Saw SpatiallyLoaded:1 Bounds:IsValid=true, Min=(X=2187.832 Y=3180.982 Z=-0.756), Max=(X=2243.455 Y=3254.642 Z=48.352) RuntimeGrid:None EditorOnly:0 RuntimeOnly:0 HLODRelevant:1
 |   |   |- Guid:A56216954B2165CF0F35A886B537D536 BaseClass: NativeClass:/Script/Engine.StaticMeshActor Name:StaticMeshActor_0 Label:SM_Cube5 SpatiallyLoaded:1 Bounds:IsValid=true, Min=(X=-0.000 Y=100.000 Z=0.000), Max=(X=100.000 Y=3400.000 Z=400.000) RuntimeGrid:None EditorOnly:0 RuntimeOnly:0 HLODRelevant:1 FolderPath:Playground FolderGuid:C73F09FC4215536B1DCE2A9E0A830C70
 |   |   |- Guid:AA847D2F429C4CEE58E3AE95D0C9472A BaseClass: NativeClass:/Script/Engine.StaticMeshActor Name:StaticMeshActor_UAID_04421AEF050F9C9E01_1123252465 Label:GridFloor2 SpatiallyLoaded:1 Bounds:IsValid=true, Min=(X=1000.180 Y=2800.014 Z=-0.078), Max=(X=1100.180 Y=2900.014 Z=2.922) RuntimeGrid:None EditorOnly:0 RuntimeOnly:0 HLODRelevant:1
 |   |   |- Guid:B785ED2844B84CFB91E7F39FE661CD99 BaseClass: NativeClass:/Script/Engine.DirectionalLight Name:DirectionalLight_0 Label:DirectionalLight SpatiallyLoaded:0 Bounds:IsValid=true, Min=(X=-1048576.000 Y=-1048576.000 Z=-1048576.000), Max=(X=1048576.000 Y=1048576.000 Z=1048576.000) RuntimeGrid:None EditorOnly:0 RuntimeOnly:0 HLODRelevant:0 FolderPath:Lighting FolderGuid:963EC3EB4002CCE9759E2EBA541A873A
 |   |   |- Guid:B8A1F8144D97DC61D3813689BC329030 BaseClass: NativeClass:/Script/Engine.StaticMeshActor Name:StaticMeshActor_UAID_04421AEF050FA29E01_2136053530 Label:GridWall3 SpatiallyLoaded:1 Bounds:IsValid=true, Min=(X=899.874 Y=2293.104 Z=-0.068), Max=(X=999.874 Y=2299.104 Z=149.932) RuntimeGrid:None EditorOnly:0 RuntimeOnly:0 HLODRelevant:1
 |   |   |- Guid:BC08B79C4EA3C961CFF75EBBE83B367D BaseClass: NativeClass:/Script/Engine.StaticMeshActor Name:StaticMeshActor_5 Label:SM_Cube2 SpatiallyLoaded:1 Bounds:IsValid=true, Min=(X=0.000 Y=0.000 Z=0.000), Max=(X=3000.000 Y=100.000 Z=400.000) RuntimeGrid:None EditorOnly:0 RuntimeOnly:0 HLODRelevant:1 FolderPath:Playground FolderGuid:C73F09FC4215536B1DCE2A9E0A830C70
 |   |   |- Guid:C2D97E97419F58D50D41CB945EE8DE13 BaseClass: NativeClass:/Script/Engine.StaticMeshActor Name:StaticMeshActor_UAID_04421AEF050FA29E01_2020979529 Label:GridWall SpatiallyLoaded:1 Bounds:IsValid=true, Min=(X=1145.632 Y=2269.430 Z=-48.500), Max=(X=1151.632 Y=2369.430 Z=101.500) RuntimeGrid:None EditorOnly:0 RuntimeOnly:0 HLODRelevant:1
 |   |   |- Guid:C5260DF64E1FBCB01CE2BAB4C41F44C6 BaseClass: NativeClass:/Script/Engine.StaticMeshActor Name:StaticMeshActor_UAID_7C575860315C809E01_1908288535 Label:Table SpatiallyLoaded:1 Bounds:IsValid=true, Min=(X=1711.517 Y=2700.270 Z=4.861), Max=(X=1894.714 Y=2777.659 Z=83.662) RuntimeGrid:None EditorOnly:0 RuntimeOnly:0 HLODRelevant:1
 |   |   |- Guid:CCFF262C46EEFFDF319E7F9539CE697E BaseClass: NativeClass:/Script/Engine.SkyAtmosphere Name:SkyAtmosphere_0 Label:SkyAtmosphere SpatiallyLoaded:0 Bounds:IsValid=true, Min=(X=0.000 Y=0.000 Z=1020.000), Max=(X=0.000 Y=0.000 Z=1020.000) RuntimeGrid:None EditorOnly:0 RuntimeOnly:0 HLODRelevant:0 FolderPath:Lighting FolderGuid:963EC3EB4002CCE9759E2EBA541A873A
 |   |   |- Guid:CFE730AC42229857ADAB5EA37CAC559E BaseClass: NativeClass:/Script/Engine.StaticMeshActor Name:StaticMeshActor_UAID_7C575860315CDD9D01_1684247850 Label:dji_fpv_by_sdc_-__high_performance_drone SpatiallyLoaded:1 Bounds:IsValid=true, Min=(X=650.928 Y=1803.713 Z=0.000), Max=(X=650.928 Y=1803.713 Z=0.000) RuntimeGrid:None EditorOnly:0 RuntimeOnly:0 HLODRelevant:0
 |   |   |- Guid:D4CE92F4432034DED1E140A91B8BC502 BaseClass: NativeClass:/Script/Engine.StaticMeshActor Name:StaticMeshActor_UAID_04421AEF050FA19E01_1815196350 Label:GridWall2 SpatiallyLoaded:1 Bounds:IsValid=true, Min=(X=997.835 Y=2197.484 Z=-0.068), Max=(X=1003.835 Y=2297.484 Z=149.932) RuntimeGrid:None EditorOnly:0 RuntimeOnly:0 HLODRelevant:1
 |   |   |- Guid:D9EBE1E04AF2A30BAFCAF3B5A0BA2ED3 BaseClass: NativeClass:/Script/Engine.StaticMeshActor Name:StaticMeshActor_UAID_7C575860315C7A9E01_1297221480 Label:Big_shelf SpatiallyLoaded:1 Bounds:IsValid=true, Min=(X=1987.772 Y=3023.875 Z=-6.339), Max=(X=2163.031 Y=3067.626 Z=25.856) RuntimeGrid:None EditorOnly:0 RuntimeOnly:0 HLODRelevant:1
 |   |   |- Guid:E05BB7B544AD669AC8556DBC4DD11EA6 BaseClass:/Game/Camera/Drone/Drone.Drone_C NativeClass:/Script/Engine.Actor Name:Drone_C_UAID_7C575860315CDC9D01_1476679672 Label:Drone SpatiallyLoaded:1 Bounds:IsValid=true, Min=(X=624.019 Y=1609.318 Z=11.906), Max=(X=771.050 Y=1767.205 Z=62.180) RuntimeGrid:None EditorOnly:0 RuntimeOnly:0 HLODRelevant:0
 |   |   |- Guid:EC4E0C944CE6AC6E784BC6BB2916EA13 BaseClass: NativeClass:/Script/Engine.StaticMeshActor Name:StaticMeshActor_UAID_A4AE111137DC5EFB00_1110535423 Label:SM_SkySphere SpatiallyLoaded:0 Bounds:IsValid=true, Min=(X=-1638400.000 Y=-1638400.000 Z=-1638400.000), Max=(X=1638400.000 Y=1638400.000 Z=1638400.000) RuntimeGrid:None EditorOnly:0 RuntimeOnly:0 HLODRelevant:1 FolderPath:Lighting FolderGuid:963EC3EB4002CCE9759E2EBA541A873A
 |   |   |- Guid:EEFDB8BD4893BB599BA96CBEDA9A0AF2 BaseClass: NativeClass:/Script/Engine.StaticMeshActor Name:StaticMeshActor_UAID_7C575860315CDD9D01_1347533849 Label:scene SpatiallyLoaded:1 Bounds:IsValid=true, Min=(X=628.885 Y=1529.202 Z=20.074), Max=(X=628.885 Y=1529.202 Z=20.074) RuntimeGrid:None EditorOnly:0 RuntimeOnly:0 HLODRelevant:0
 |   |   |- Guid:F1924B8D48954B30891B2DB6A694F9CC BaseClass: NativeClass:/Script/Engine.StaticMeshActor Name:StaticMeshActor_1 Label:SM_Cube SpatiallyLoaded:1 Bounds:IsValid=true, Min=(X=0.000 Y=0.000 Z=-50.000), Max=(X=3000.000 Y=3500.000 Z=0.000) RuntimeGrid:None EditorOnly:0 RuntimeOnly:0 HLODRelevant:0 FolderPath:Playground FolderGuid:C73F09FC4215536B1DCE2A9E0A830C70
 |   |   |- Guid:F5E3FEB3450C49844FD93DA8E083C8AD BaseClass: NativeClass:/Script/Engine.PostProcessVolume Name:PostProcessVolume_0 Label:PostProcessVolume SpatiallyLoaded:0 Bounds:IsValid=true, Min=(X=0.000 Y=0.000 Z=400.000), Max=(X=200.000 Y=200.000 Z=600.000) RuntimeGrid:None EditorOnly:0 RuntimeOnly:0 HLODRelevant:0 FolderPath:Lighting FolderGuid:963EC3EB4002CCE9759E2EBA541A873A
 |   |   |- Guid:FF698C67459ADB4982D7759C0905EE9F BaseClass: NativeClass:/Script/Engine.StaticMeshActor Name:StaticMeshActor_6 Label:SM_Cube3 SpatiallyLoaded:1 Bounds:IsValid=true, Min=(X=0.000 Y=3400.000 Z=0.000), Max=(X=3000.000 Y=3500.000 Z=400.000) RuntimeGrid:None EditorOnly:0 RuntimeOnly:0 HLODRelevant:1 FolderPath:Playground FolderGuid:C73F09FC4215536B1DCE2A9E0A830C70
 |   |- [+] Clusters:
 |   |   |- [+] [  0]
 |   |   |   |- Guid:6BAF4DDD444C60371492D3919DB42C97 BaseClass: NativeClass:/Script/Engine.WorldDataLayers Name:WorldDataLayers Label:WorldDataLayers SpatiallyLoaded:0 Bounds:IsValid=true, Min=(X=0.000 Y=0.000 Z=0.000), Max=(X=0.000 Y=0.000 Z=0.000) RuntimeGrid:None EditorOnly:0 RuntimeOnly:0 HLODRelevant:0
 |   |   |- [+] [  1]
 |   |   |   |- Guid:1CE0A1B5401372A1D1EB749AEEE0F1FF BaseClass: NativeClass:/Script/Engine.StaticMeshActor Name:StaticMeshActor_UAID_7C575860315C799E01_1299337303 Label:3_shelves SpatiallyLoaded:1 Bounds:IsValid=true, Min=(X=2097.738 Y=2976.155 Z=66.651), Max=(X=2173.688 Y=3017.284 Z=157.473) RuntimeGrid:None EditorOnly:0 RuntimeOnly:0 HLODRelevant:1
 |   |   |- [+] [  2]
 |   |   |   |- Guid:6F47AB03456485E4E80CB0890DB27000 BaseClass: NativeClass:/Script/Engine.StaticMeshActor Name:StaticMeshActor_UAID_7C575860315C909D01_1859768297 Label:ACamera SpatiallyLoaded:1 Bounds:IsValid=true, Min=(X=956.870 Y=1205.410 Z=79.334), Max=(X=991.832 Y=1237.246 Z=105.618) RuntimeGrid:None EditorOnly:0 RuntimeOnly:0 HLODRelevant:1
 |   |   |- [+] [  3]
 |   |   |   |- Guid:F5E3FEB3450C49844FD93DA8E083C8AD BaseClass: NativeClass:/Script/Engine.PostProcessVolume Name:PostProcessVolume_0 Label:PostProcessVolume SpatiallyLoaded:0 Bounds:IsValid=true, Min=(X=0.000 Y=0.000 Z=400.000), Max=(X=200.000 Y=200.000 Z=600.000) RuntimeGrid:None EditorOnly:0 RuntimeOnly:0 HLODRelevant:0 FolderPath:Lighting FolderGuid:963EC3EB4002CCE9759E2EBA541A873A
 |   |   |- [+] [  4]
 |   |   |   |- Guid:23F94A274320762EE74F8FB6DB0B2972 BaseClass: NativeClass:/Script/Engine.StaticMeshActor Name:StaticMeshActor_UAID_04421AEF050F9B9E01_1918394288 Label:GridFloor SpatiallyLoaded:1 Bounds:IsValid=true, Min=(X=1115.029 Y=2359.728 Z=0.000), Max=(X=1115.029 Y=2359.728 Z=0.000) RuntimeGrid:None EditorOnly:0 RuntimeOnly:0 HLODRelevant:0
 |   |   |- [+] [  5]
 |   |   |   |- Guid:2DC0EFF24E042B359B45A38614138841 BaseClass:/Game/Camera/Tripod/Tripod.Tripod_C NativeClass:/Script/Engine.Actor Name:Tripod_C_UAID_7C575860315C929D01_1544998678 Label:Tripod SpatiallyLoaded:1 Bounds:IsValid=true, Min=(X=971.627 Y=1219.665 Z=0.164), Max=(X=1045.364 Y=1303.845 Z=149.626) RuntimeGrid:None EditorOnly:0 RuntimeOnly:0 HLODRelevant:0
 |   |   |- [+] [  6]
 |   |   |   |- Guid:4D3BE93F4146AAAC8BBE79999D96D57F BaseClass: NativeClass:/Script/Engine.VolumetricCloud Name:VolumetricCloud_0 Label:VolumetricCloud SpatiallyLoaded:0 Bounds:IsValid=true, Min=(X=0.000 Y=0.000 Z=820.000), Max=(X=0.000 Y=0.000 Z=820.000) RuntimeGrid:None EditorOnly:0 RuntimeOnly:0 HLODRelevant:0 FolderPath:Lighting FolderGuid:963EC3EB4002CCE9759E2EBA541A873A
 |   |   |- [+] [  7]
 |   |   |   |- Guid:CCFF262C46EEFFDF319E7F9539CE697E BaseClass: NativeClass:/Script/Engine.SkyAtmosphere Name:SkyAtmosphere_0 Label:SkyAtmosphere SpatiallyLoaded:0 Bounds:IsValid=true, Min=(X=0.000 Y=0.000 Z=1020.000), Max=(X=0.000 Y=0.000 Z=1020.000) RuntimeGrid:None EditorOnly:0 RuntimeOnly:0 HLODRelevant:0 FolderPath:Lighting FolderGuid:963EC3EB4002CCE9759E2EBA541A873A
 |   |   |- [+] [  8]
 |   |   |   |- Guid:EC4E0C944CE6AC6E784BC6BB2916EA13 BaseClass: NativeClass:/Script/Engine.StaticMeshActor Name:StaticMeshActor_UAID_A4AE111137DC5EFB00_1110535423 Label:SM_SkySphere SpatiallyLoaded:0 Bounds:IsValid=true, Min=(X=-1638400.000 Y=-1638400.000 Z=-1638400.000), Max=(X=1638400.000 Y=1638400.000 Z=1638400.000) RuntimeGrid:None EditorOnly:0 RuntimeOnly:0 HLODRelevant:1 FolderPath:Lighting FolderGuid:963EC3EB4002CCE9759E2EBA541A873A
 |   |   |- [+] [  9]
 |   |   |   |- Guid:43815E84492231AFC407F59E3C28176B BaseClass: NativeClass:/Script/Engine.StaticMeshActor Name:StaticMeshActor_4 Label:SM_Cube6 SpatiallyLoaded:1 Bounds:IsValid=true, Min=(X=2900.000 Y=100.000 Z=0.000), Max=(X=3000.000 Y=3400.000 Z=400.000) RuntimeGrid:None EditorOnly:0 RuntimeOnly:0 HLODRelevant:1 FolderPath:Playground FolderGuid:C73F09FC4215536B1DCE2A9E0A830C70
 |   |   |- [+] [ 10]
 |   |   |   |- Guid:B785ED2844B84CFB91E7F39FE661CD99 BaseClass: NativeClass:/Script/Engine.DirectionalLight Name:DirectionalLight_0 Label:DirectionalLight SpatiallyLoaded:0 Bounds:IsValid=true, Min=(X=-1048576.000 Y=-1048576.000 Z=-1048576.000), Max=(X=1048576.000 Y=1048576.000 Z=1048576.000) RuntimeGrid:None EditorOnly:0 RuntimeOnly:0 HLODRelevant:0 FolderPath:Lighting FolderGuid:963EC3EB4002CCE9759E2EBA541A873A
 |   |   |- [+] [ 11]
 |   |   |   |- Guid:0242E71749886F8DBBF03C8897D36200 BaseClass:/Game/Camera/Crane/Crane.Crane_C NativeClass:/Script/Engine.Actor Name:Crane_C_UAID_7C575860315C909D01_2059264299 Label:Crane SpatiallyLoaded:1 Bounds:IsValid=true, Min=(X=354.673 Y=1105.602 Z=-0.074), Max=(X=1269.481 Y=1344.749 Z=690.391) RuntimeGrid:None EditorOnly:0 RuntimeOnly:0 HLODRelevant:0
 |   |   |- [+] [ 12]
 |   |   |   |- Guid:316CF2A6494ACA4C0E4180A87D36AB8F BaseClass: NativeClass:/Script/Engine.ExponentialHeightFog Name:ExponentialHeightFog_0 Label:ExponentialHeightFog SpatiallyLoaded:0 Bounds:IsValid=true, Min=(X=-5600.000 Y=-50.000 Z=-6850.000), Max=(X=-5600.000 Y=-50.000 Z=-6850.000) RuntimeGrid:None EditorOnly:0 RuntimeOnly:0 HLODRelevant:0 FolderPath:Lighting FolderGuid:963EC3EB4002CCE9759E2EBA541A873A
 |   |   |- [+] [ 13]
 |   |   |   |- Guid:F1924B8D48954B30891B2DB6A694F9CC BaseClass: NativeClass:/Script/Engine.StaticMeshActor Name:StaticMeshActor_1 Label:SM_Cube SpatiallyLoaded:1 Bounds:IsValid=true, Min=(X=0.000 Y=0.000 Z=-50.000), Max=(X=3000.000 Y=3500.000 Z=0.000) RuntimeGrid:None EditorOnly:0 RuntimeOnly:0 HLODRelevant:0 FolderPath:Playground FolderGuid:C73F09FC4215536B1DCE2A9E0A830C70
 |   |   |- [+] [ 14]
 |   |   |   |- Guid:2FB58999456391D349DC0F86DAC136ED BaseClass: NativeClass:/Script/Engine.SkyLight Name:SkyLight_1 Label:SkyLight SpatiallyLoaded:0 Bounds:IsValid=true, Min=(X=0.000 Y=0.000 Z=690.000), Max=(X=0.000 Y=0.000 Z=690.000) RuntimeGrid:None EditorOnly:0 RuntimeOnly:0 HLODRelevant:0 FolderPath:Lighting FolderGuid:963EC3EB4002CCE9759E2EBA541A873A
 |   |   |- [+] [ 15]
 |   |   |   |- Guid:E05BB7B544AD669AC8556DBC4DD11EA6 BaseClass:/Game/Camera/Drone/Drone.Drone_C NativeClass:/Script/Engine.Actor Name:Drone_C_UAID_7C575860315CDC9D01_1476679672 Label:Drone SpatiallyLoaded:1 Bounds:IsValid=true, Min=(X=624.019 Y=1609.318 Z=11.906), Max=(X=771.050 Y=1767.205 Z=62.180) RuntimeGrid:None EditorOnly:0 RuntimeOnly:0 HLODRelevant:0
 |   |   |- [+] [ 16]
 |   |   |   |- Guid:D9EBE1E04AF2A30BAFCAF3B5A0BA2ED3 BaseClass: NativeClass:/Script/Engine.StaticMeshActor Name:StaticMeshActor_UAID_7C575860315C7A9E01_1297221480 Label:Big_shelf SpatiallyLoaded:1 Bounds:IsValid=true, Min=(X=1987.772 Y=3023.875 Z=-6.339), Max=(X=2163.031 Y=3067.626 Z=25.856) RuntimeGrid:None EditorOnly:0 RuntimeOnly:0 HLODRelevant:1
 |   |   |- [+] [ 17]
 |   |   |   |- Guid:85EF4E2C4222FF9DAB64F6A274D6F89B BaseClass: NativeClass:/Script/Engine.StaticMeshActor Name:StaticMeshActor_UAID_7C575860315C819E01_1550525712 Label:Saw SpatiallyLoaded:1 Bounds:IsValid=true, Min=(X=2187.832 Y=3180.982 Z=-0.756), Max=(X=2243.455 Y=3254.642 Z=48.352) RuntimeGrid:None EditorOnly:0 RuntimeOnly:0 HLODRelevant:1
 |   |   |- [+] [ 18]
 |   |   |   |- Guid:2F7AF9114B36E2619E9639952E9FA81B BaseClass: NativeClass:/Script/Engine.StaticMeshActor Name:Sphere_001_UAID_7C575860315CC69D01_1753317820 Label:Sphere_001_0 SpatiallyLoaded:1 Bounds:IsValid=true, Min=(X=1293.363 Y=1676.722 Z=299.860), Max=(X=1293.363 Y=1676.722 Z=299.860) RuntimeGrid:None EditorOnly:0 RuntimeOnly:0 HLODRelevant:0
 |   |   |- [+] [ 19]
 |   |   |   |- Guid:720B08574895F3B858272FB679FA34E4 BaseClass: NativeClass:/Script/Engine.StaticMeshActor Name:StaticMeshActor_UAID_7C575860315C7F9E01_1487119363 Label:Opened_locker SpatiallyLoaded:1 Bounds:IsValid=true, Min=(X=1739.656 Y=2392.092 Z=-8.425), Max=(X=1824.103 Y=2530.495 Z=179.910) RuntimeGrid:None EditorOnly:0 RuntimeOnly:0 HLODRelevant:1
 |   |   |- [+] [ 20]
 |   |   |   |- Guid:A56216954B2165CF0F35A886B537D536 BaseClass: NativeClass:/Script/Engine.StaticMeshActor Name:StaticMeshActor_0 Label:SM_Cube5 SpatiallyLoaded:1 Bounds:IsValid=true, Min=(X=-0.000 Y=100.000 Z=0.000), Max=(X=100.000 Y=3400.000 Z=400.000) RuntimeGrid:None EditorOnly:0 RuntimeOnly:0 HLODRelevant:1 FolderPath:Playground FolderGuid:C73F09FC4215536B1DCE2A9E0A830C70
 |   |   |- [+] [ 21]
 |   |   |   |- Guid:C5260DF64E1FBCB01CE2BAB4C41F44C6 BaseClass: NativeClass:/Script/Engine.StaticMeshActor Name:StaticMeshActor_UAID_7C575860315C809E01_1908288535 Label:Table SpatiallyLoaded:1 Bounds:IsValid=true, Min=(X=1711.517 Y=2700.270 Z=4.861), Max=(X=1894.714 Y=2777.659 Z=83.662) RuntimeGrid:None EditorOnly:0 RuntimeOnly:0 HLODRelevant:1
 |   |   |- [+] [ 22]
 |   |   |   |- Guid:EEFDB8BD4893BB599BA96CBEDA9A0AF2 BaseClass: NativeClass:/Script/Engine.StaticMeshActor Name:StaticMeshActor_UAID_7C575860315CDD9D01_1347533849 Label:scene SpatiallyLoaded:1 Bounds:IsValid=true, Min=(X=628.885 Y=1529.202 Z=20.074), Max=(X=628.885 Y=1529.202 Z=20.074) RuntimeGrid:None EditorOnly:0 RuntimeOnly:0 HLODRelevant:0
 |   |   |- [+] [ 23]
 |   |   |   |- Guid:BC08B79C4EA3C961CFF75EBBE83B367D BaseClass: NativeClass:/Script/Engine.StaticMeshActor Name:StaticMeshActor_5 Label:SM_Cube2 SpatiallyLoaded:1 Bounds:IsValid=true, Min=(X=0.000 Y=0.000 Z=0.000), Max=(X=3000.000 Y=100.000 Z=400.000) RuntimeGrid:None EditorOnly:0 RuntimeOnly:0 HLODRelevant:1 FolderPath:Playground FolderGuid:C73F09FC4215536B1DCE2A9E0A830C70
 |   |   |- [+] [ 24]
 |   |   |   |- Guid:18D60E5A4D42A49AF040A882897C9E80 BaseClass: NativeClass:/Script/Engine.StaticMeshActor Name:StaticMeshActor_UAID_04421AEF050F339E01_1437052983 Label:Viewfinder SpatiallyLoaded:1 Bounds:IsValid=true, Min=(X=632.906 Y=1515.803 Z=104.729), Max=(X=723.732 Y=1532.704 Z=155.167) RuntimeGrid:None EditorOnly:0 RuntimeOnly:0 HLODRelevant:1
 |   |   |- [+] [ 25]
 |   |   |   |- Guid:FF698C67459ADB4982D7759C0905EE9F BaseClass: NativeClass:/Script/Engine.StaticMeshActor Name:StaticMeshActor_6 Label:SM_Cube3 SpatiallyLoaded:1 Bounds:IsValid=true, Min=(X=0.000 Y=3400.000 Z=0.000), Max=(X=3000.000 Y=3500.000 Z=400.000) RuntimeGrid:None EditorOnly:0 RuntimeOnly:0 HLODRelevant:1 FolderPath:Playground FolderGuid:C73F09FC4215536B1DCE2A9E0A830C70
 |   |   |- [+] [ 26]
 |   |   |   |- Guid:5B1757DE4DFA490F0B4FF5881E907F7C BaseClass: NativeClass:/Script/Engine.StaticMeshActor Name:StaticMeshActor_UAID_7C575860315C7E9E01_1618428186 Label:Garage_door SpatiallyLoaded:1 Bounds:IsValid=true, Min=(X=2087.011 Y=2767.549 Z=-121.365), Max=(X=2642.092 Y=2768.549 Z=121.365) RuntimeGrid:None EditorOnly:0 RuntimeOnly:0 HLODRelevant:1
 |   |   |- [+] [ 27]
 |   |   |   |- Guid:3A00AA1C422CE54C0BDB60BAF471BFBB BaseClass: NativeClass:/Script/Engine.PlayerStart Name:PlayerStart_0 Label:PlayerStart SpatiallyLoaded:0 Bounds:IsValid=true, Min=(X=860.000 Y=1070.000 Z=27.304), Max=(X=940.000 Y=1150.000 Z=211.304) RuntimeGrid:None EditorOnly:0 RuntimeOnly:0 HLODRelevant:0
 |   |   |- [+] [ 28]
 |   |   |   |- Guid:176C4E034B398F514522B19C72ED83DE BaseClass: NativeClass:/Script/Engine.StaticMeshActor Name:StaticMeshActor_UAID_7C575860315C7C9E01_1196964833 Label:Carpet SpatiallyLoaded:1 Bounds:IsValid=true, Min=(X=2162.472 Y=2458.205 Z=11.260), Max=(X=2372.204 Y=2632.249 Z=11.260) RuntimeGrid:None EditorOnly:0 RuntimeOnly:0 HLODRelevant:1
 |   |   |- [+] [ 29]
 |   |   |   |- Guid:CFE730AC42229857ADAB5EA37CAC559E BaseClass: NativeClass:/Script/Engine.StaticMeshActor Name:StaticMeshActor_UAID_7C575860315CDD9D01_1684247850 Label:dji_fpv_by_sdc_-__high_performance_drone SpatiallyLoaded:1 Bounds:IsValid=true, Min=(X=650.928 Y=1803.713 Z=0.000), Max=(X=650.928 Y=1803.713 Z=0.000) RuntimeGrid:None EditorOnly:0 RuntimeOnly:0 HLODRelevant:0
 |   |   |- [+] [ 30]
 |   |   |   |- Guid:AA847D2F429C4CEE58E3AE95D0C9472A BaseClass: NativeClass:/Script/Engine.StaticMeshActor Name:StaticMeshActor_UAID_04421AEF050F9C9E01_1123252465 Label:GridFloor2 SpatiallyLoaded:1 Bounds:IsValid=true, Min=(X=1000.180 Y=2800.014 Z=-0.078), Max=(X=1100.180 Y=2900.014 Z=2.922) RuntimeGrid:None EditorOnly:0 RuntimeOnly:0 HLODRelevant:1
 |   |   |- [+] [ 31]
 |   |   |   |- Guid:20F51B21494AE7D2AB9CCABAF8F12063 BaseClass: NativeClass:/Script/Engine.StaticMeshActor Name:StaticMeshActor_UAID_04421AEF050FA29E01_1947433527 Label:GridFloor3 SpatiallyLoaded:1 Bounds:IsValid=true, Min=(X=999.210 Y=2301.655 Z=-0.000), Max=(X=1099.210 Y=2401.655 Z=3.000) RuntimeGrid:None EditorOnly:0 RuntimeOnly:0 HLODRelevant:1
 |   |   |- [+] [ 32]
 |   |   |   |- Guid:44435CD14CB3EBB83FC98FA5F97AF7CF BaseClass: NativeClass:/Script/Engine.StaticMeshActor Name:StaticMeshActor_UAID_04421AEF050FA29E01_2018701528 Label:GridFloor4 SpatiallyLoaded:1 Bounds:IsValid=true, Min=(X=932.999 Y=2469.117 Z=0.000), Max=(X=1032.999 Y=2569.117 Z=3.000) RuntimeGrid:None EditorOnly:0 RuntimeOnly:0 HLODRelevant:1
 |   |   |- [+] [ 33]
 |   |   |   |- Guid:C2D97E97419F58D50D41CB945EE8DE13 BaseClass: NativeClass:/Script/Engine.StaticMeshActor Name:StaticMeshActor_UAID_04421AEF050FA29E01_2020979529 Label:GridWall SpatiallyLoaded:1 Bounds:IsValid=true, Min=(X=1145.632 Y=2269.430 Z=-48.500), Max=(X=1151.632 Y=2369.430 Z=101.500) RuntimeGrid:None EditorOnly:0 RuntimeOnly:0 HLODRelevant:1
 |   |   |- [+] [ 34]
 |   |   |   |- Guid:D4CE92F4432034DED1E140A91B8BC502 BaseClass: NativeClass:/Script/Engine.StaticMeshActor Name:StaticMeshActor_UAID_04421AEF050FA19E01_1815196350 Label:GridWall2 SpatiallyLoaded:1 Bounds:IsValid=true, Min=(X=997.835 Y=2197.484 Z=-0.068), Max=(X=1003.835 Y=2297.484 Z=149.932) RuntimeGrid:None EditorOnly:0 RuntimeOnly:0 HLODRelevant:1
 |   |   |- [+] [ 35]
 |   |   |   |- Guid:B8A1F8144D97DC61D3813689BC329030 BaseClass: NativeClass:/Script/Engine.StaticMeshActor Name:StaticMeshActor_UAID_04421AEF050FA29E01_2136053530 Label:GridWall3 SpatiallyLoaded:1 Bounds:IsValid=true, Min=(X=899.874 Y=2293.104 Z=-0.068), Max=(X=999.874 Y=2299.104 Z=149.932) RuntimeGrid:None EditorOnly:0 RuntimeOnly:0 HLODRelevant:1
 |- ContainerInstances:
 |- [+] MainContainer:
 |   |-        ID: 0x0000000000000000
 |   |-    Bounds: IsValid=false, Min=(X=0.000 Y=0.000 Z=0.000), Max=(X=0.000 Y=0.000 Z=0.000)
 |   |- Transform: 0.000000,0.000000,0.000000|0.000000,0.000000,-0.000000|1.000000,1.000000,1.000000
 |   |- Container: /Game/ThirdPerson/Maps/ThirdPersonMap
----------------------------------------------------------------------------------------------------------------
ThirdPersonMap - Persistent Level
----------------------------------------------------------------------------------------------------------------
Always loaded Actor Count: 46 

----------------------------------------------------------------------------------------------------------------
ThirdPersonMap - Runtime Spatial Hash - Streaming Grid - MainGrid
----------------------------------------------------------------------------------------------------------------
            Origin: X=0.000 Y=0.000 Z=0.000
         Cell Size: 12800
      World Bounds: IsValid=false, Min=(X=0.000 Y=0.000 Z=0.000), Max=(X=0.000 Y=0.000 Z=0.000)
     Loading Range: 25600.00
Block Slow Loading: No
 ClientOnlyVisible: No

[+] Grid Levels: 1
 |- Level  0: Cell Count    0 | Cell Size   12800 | Actor Count    0 (0.0%)

[+] Content of Grid Level 0

